[2m2025-01-29T12:14:02.410399Z[0m [31mERROR[0m [2mglazewm[0m[2m:[0m gaps: Not a valid length value ''. Must be of format '10px' or '10%'. at line 44 column 3
[2m2025-01-29T12:16:04.821024Z[0m [31mERROR[0m [2mglazewm[0m[2m:[0m general.startup_commands: Usage: wm <COMMAND>

Commands:
  adjust-borders            
  close                     
  focus                     
  ignore                    
  move                      
  move-workspace            
  position                  
  resize                    
  set-floating              
  set-fullscreen            
  set-minimized             
  set-tiling                
  set-title-bar-visibility  
  shell-exec                
  size                      
  toggle-floating           
  toggle-fullscreen         
  toggle-minimized          
  toggle-tiling             
  toggle-tiling-direction   
  set-tiling-direction      
  wm-cycle-focus            
  wm-disable-binding-mode   
  wm-enable-binding-mode    
  wm-exit                   
  wm-redraw                 
  wm-reload-config          
  wm-toggle-pause           
  help                      Print this message or the help of the given subcommand(s)

Options:
  -h, --help  Print help
 at line 6 column 21
[2m2025-01-29T12:16:38.185151Z[0m [31mERROR[0m [2mglazewm[0m[2m:[0m general.startup_commands: Usage: wm <COMMAND>

Commands:
  adjust-borders            
  close                     
  focus                     
  ignore                    
  move                      
  move-workspace            
  position                  
  resize                    
  set-floating              
  set-fullscreen            
  set-minimized             
  set-tiling                
  set-title-bar-visibility  
  shell-exec                
  size                      
  toggle-floating           
  toggle-fullscreen         
  toggle-minimized          
  toggle-tiling             
  toggle-tiling-direction   
  set-tiling-direction      
  wm-cycle-focus            
  wm-disable-binding-mode   
  wm-enable-binding-mode    
  wm-exit                   
  wm-redraw                 
  wm-reload-config          
  wm-toggle-pause           
  help                      Print this message or the help of the given subcommand(s)

Options:
  -h, --help  Print help
 at line 6 column 21
[2m2025-01-29T12:18:20.631369Z[0m [31mERROR[0m [2mglazewm[0m[2m:[0m general.startup_commands: unexpected argument found
 at line 7 column 21
[2m2025-01-29T15:14:24.954334Z[0m [31mERROR[0m [2mglazewm[0m[2m:[0m Invalid window handle. (0x80070578)
[2m2025-01-29T15:14:31.587524Z[0m [31mERROR[0m [2mglazewm[0m[2m:[0m Invalid window handle. (0x80070578)
[2m2025-01-29T15:14:33.342310Z[0m [31mERROR[0m [2mglazewm[0m[2m:[0m Invalid window handle. (0x80070578)
[2m2025-01-29T15:14:33.965005Z[0m [31mERROR[0m [2mglazewm[0m[2m:[0m Invalid window handle. (0x80070578)
[2m2025-01-29T15:14:34.516652Z[0m [31mERROR[0m [2mglazewm[0m[2m:[0m Invalid window handle. (0x80070578)
[2m2025-01-29T15:14:35.044665Z[0m [31mERROR[0m [2mglazewm[0m[2m:[0m Invalid window handle. (0x80070578)
[2m2025-01-29T15:14:35.741190Z[0m [31mERROR[0m [2mglazewm[0m[2m:[0m Invalid window handle. (0x80070578)
[2m2025-01-29T15:14:36.462057Z[0m [31mERROR[0m [2mglazewm[0m[2m:[0m Invalid window handle. (0x80070578)
[2m2025-01-29T15:14:36.842990Z[0m [31mERROR[0m [2mglazewm[0m[2m:[0m Invalid window handle. (0x80070578)
[2m2025-01-29T15:14:37.183241Z[0m [31mERROR[0m [2mglazewm[0m[2m:[0m Invalid window handle. (0x80070578)
[2m2025-01-29T15:14:37.560068Z[0m [31mERROR[0m [2mglazewm[0m[2m:[0m Invalid window handle. (0x80070578)
[2m2025-01-29T15:14:38.197639Z[0m [31mERROR[0m [2mglazewm[0m[2m:[0m Invalid window handle. (0x80070578)
[2m2025-01-29T15:14:38.635609Z[0m [31mERROR[0m [2mglazewm[0m[2m:[0m Invalid window handle. (0x80070578)
[2m2025-01-29T15:14:39.346798Z[0m [31mERROR[0m [2mglazewm[0m[2m:[0m Invalid window handle. (0x80070578)
[2m2025-01-29T15:14:39.965367Z[0m [31mERROR[0m [2mglazewm[0m[2m:[0m Invalid window handle. (0x80070578)
[2m2025-01-29T15:14:40.338036Z[0m [31mERROR[0m [2mglazewm[0m[2m:[0m Invalid window handle. (0x80070578)
[2m2025-01-29T15:14:40.763156Z[0m [31mERROR[0m [2mglazewm[0m[2m:[0m Invalid window handle. (0x80070578)
[2m2025-01-29T15:14:40.922590Z[0m [31mERROR[0m [2mglazewm[0m[2m:[0m Invalid window handle. (0x80070578)
[2m2025-01-29T15:14:41.249305Z[0m [31mERROR[0m [2mglazewm[0m[2m:[0m Invalid window handle. (0x80070578)
[2m2025-01-29T15:14:41.550553Z[0m [31mERROR[0m [2mglazewm[0m[2m:[0m Invalid window handle. (0x80070578)
[2m2025-01-29T15:14:41.770922Z[0m [31mERROR[0m [2mglazewm[0m[2m:[0m Invalid window handle. (0x80070578)
[2m2025-01-29T15:14:42.190668Z[0m [31mERROR[0m [2mglazewm[0m[2m:[0m Invalid window handle. (0x80070578)
[2m2025-01-29T15:14:42.615879Z[0m [31mERROR[0m [2mglazewm[0m[2m:[0m Invalid window handle. (0x80070578)
[2m2025-01-29T15:14:42.998768Z[0m [31mERROR[0m [2mglazewm[0m[2m:[0m Invalid window handle. (0x80070578)
[2m2025-01-29T15:14:43.348102Z[0m [31mERROR[0m [2mglazewm[0m[2m:[0m Invalid window handle. (0x80070578)
[2m2025-01-29T15:14:43.756148Z[0m [31mERROR[0m [2mglazewm[0m[2m:[0m Invalid window handle. (0x80070578)
[2m2025-01-29T15:14:50.725905Z[0m [31mERROR[0m [2mglazewm[0m[2m:[0m Invalid window handle. (0x80070578)
[2m2025-01-29T15:15:00.050788Z[0m [31mERROR[0m [2mglazewm[0m[2m:[0m Invalid window handle. (0x80070578)
[2m2025-01-29T15:34:13.672780Z[0m [31mERROR[0m [2mglazewm[0m[2m:[0m window_rules[2].commands: unexpected argument found
 at line 154 column 15
[2m2025-02-04T19:41:36.565404Z[0m [31mERROR[0m [2mglazewm[0m[2m:[0m keybindings[10]: missing field `bindings` at line 231 column 5
[2m2025-02-24T12:27:15.123716Z[0m [31mERROR[0m [2mglazewm[0m[2m:[0m Another instance of the application is already running.
[2m2025-02-26T14:08:06.582324Z[0m [31mERROR[0m [2mglazewm[0m[2m:[0m Invalid window handle. (0x80070578)
[2m2025-02-26T14:08:12.511601Z[0m [31mERROR[0m [2mglazewm[0m[2m:[0m Invalid window handle. (0x80070578)
[2m2025-02-26T14:08:14.562429Z[0m [31mERROR[0m [2mglazewm[0m[2m:[0m Invalid window handle. (0x80070578)
[2m2025-02-26T14:08:15.249198Z[0m [31mERROR[0m [2mglazewm[0m[2m:[0m Invalid window handle. (0x80070578)
[2m2025-02-26T14:08:15.780526Z[0m [31mERROR[0m [2mglazewm[0m[2m:[0m Invalid window handle. (0x80070578)
[2m2025-02-26T14:08:16.299424Z[0m [31mERROR[0m [2mglazewm[0m[2m:[0m Invalid window handle. (0x80070578)
[2m2025-02-26T14:08:17.055630Z[0m [31mERROR[0m [2mglazewm[0m[2m:[0m Invalid window handle. (0x80070578)
[2m2025-02-26T14:08:17.718702Z[0m [31mERROR[0m [2mglazewm[0m[2m:[0m Invalid window handle. (0x80070578)
[2m2025-02-26T14:08:18.270351Z[0m [31mERROR[0m [2mglazewm[0m[2m:[0m Invalid window handle. (0x80070578)
[2m2025-02-26T14:08:19.075347Z[0m [31mERROR[0m [2mglazewm[0m[2m:[0m Invalid window handle. (0x80070578)
[2m2025-02-26T14:08:19.671841Z[0m [31mERROR[0m [2mglazewm[0m[2m:[0m Invalid window handle. (0x80070578)
[2m2025-02-26T14:08:20.413073Z[0m [31mERROR[0m [2mglazewm[0m[2m:[0m Invalid window handle. (0x80070578)
[2m2025-02-26T14:08:21.014142Z[0m [31mERROR[0m [2mglazewm[0m[2m:[0m Invalid window handle. (0x80070578)
[2m2025-02-26T14:08:21.810067Z[0m [31mERROR[0m [2mglazewm[0m[2m:[0m Invalid window handle. (0x80070578)
[2m2025-02-26T14:08:22.701076Z[0m [31mERROR[0m [2mglazewm[0m[2m:[0m Invalid window handle. (0x80070578)
[2m2025-02-26T14:08:23.614450Z[0m [31mERROR[0m [2mglazewm[0m[2m:[0m Invalid window handle. (0x80070578)
[2m2025-02-26T14:08:24.124284Z[0m [31mERROR[0m [2mglazewm[0m[2m:[0m Invalid window handle. (0x80070578)
[2m2025-02-26T14:08:24.774573Z[0m [31mERROR[0m [2mglazewm[0m[2m:[0m Invalid window handle. (0x80070578)
[2m2025-02-26T14:08:25.146950Z[0m [31mERROR[0m [2mglazewm[0m[2m:[0m Invalid window handle. (0x80070578)
[2m2025-02-26T14:08:26.343497Z[0m [31mERROR[0m [2mglazewm[0m[2m:[0m Invalid window handle. (0x80070578)
[2m2025-02-26T14:08:27.499105Z[0m [31mERROR[0m [2mglazewm[0m[2m:[0m Invalid window handle. (0x80070578)
[2m2025-02-26T14:08:28.290491Z[0m [31mERROR[0m [2mglazewm[0m[2m:[0m Invalid window handle. (0x80070578)
[2m2025-02-26T14:08:29.383307Z[0m [31mERROR[0m [2mglazewm[0m[2m:[0m Invalid window handle. (0x80070578)
[2m2025-04-03T18:38:38.464722Z[0m [31mERROR[0m [2mglazewm[0m[2m:[0m Invalid window handle. (0x80070578)
[2m2025-04-03T18:38:50.588735Z[0m [31mERROR[0m [2mglazewm[0m[2m:[0m Invalid window handle. (0x80070578)
[2m2025-04-03T18:38:52.048501Z[0m [31mERROR[0m [2mglazewm[0m[2m:[0m Invalid window handle. (0x80070578)
[2m2025-04-03T18:38:52.697064Z[0m [31mERROR[0m [2mglazewm[0m[2m:[0m Invalid window handle. (0x80070578)
[2m2025-04-03T18:38:52.936211Z[0m [31mERROR[0m [2mglazewm[0m[2m:[0m Invalid window handle. (0x80070578)
[2m2025-04-03T18:38:54.562662Z[0m [31mERROR[0m [2mglazewm[0m[2m:[0m Invalid window handle. (0x80070578)
[2m2025-04-03T18:38:55.103061Z[0m [31mERROR[0m [2mglazewm[0m[2m:[0m Invalid window handle. (0x80070578)
[2m2025-04-03T18:38:55.284756Z[0m [31mERROR[0m [2mglazewm[0m[2m:[0m Invalid window handle. (0x80070578)
[2m2025-04-03T18:38:55.442031Z[0m [31mERROR[0m [2mglazewm[0m[2m:[0m Invalid window handle. (0x80070578)
[2m2025-04-03T18:38:55.608093Z[0m [31mERROR[0m [2mglazewm[0m[2m:[0m Invalid window handle. (0x80070578)
[2m2025-04-03T18:38:55.983660Z[0m [31mERROR[0m [2mglazewm[0m[2m:[0m Invalid window handle. (0x80070578)
[2m2025-04-03T18:38:56.328169Z[0m [31mERROR[0m [2mglazewm[0m[2m:[0m Invalid window handle. (0x80070578)
[2m2025-04-03T18:38:56.508158Z[0m [31mERROR[0m [2mglazewm[0m[2m:[0m Invalid window handle. (0x80070578)
[2m2025-04-03T18:38:56.740094Z[0m [31mERROR[0m [2mglazewm[0m[2m:[0m Invalid window handle. (0x80070578)
[2m2025-04-03T18:38:56.966370Z[0m [31mERROR[0m [2mglazewm[0m[2m:[0m Invalid window handle. (0x80070578)
[2m2025-04-03T18:38:57.321715Z[0m [31mERROR[0m [2mglazewm[0m[2m:[0m Invalid window handle. (0x80070578)
[2m2025-04-03T18:38:57.506454Z[0m [31mERROR[0m [2mglazewm[0m[2m:[0m Invalid window handle. (0x80070578)
[2m2025-04-03T18:38:57.830022Z[0m [31mERROR[0m [2mglazewm[0m[2m:[0m Invalid window handle. (0x80070578)
[2m2025-04-03T18:38:58.176019Z[0m [31mERROR[0m [2mglazewm[0m[2m:[0m Invalid window handle. (0x80070578)
[2m2025-04-03T18:38:58.358892Z[0m [31mERROR[0m [2mglazewm[0m[2m:[0m Invalid window handle. (0x80070578)
[2m2025-04-03T18:38:58.684149Z[0m [31mERROR[0m [2mglazewm[0m[2m:[0m Invalid window handle. (0x80070578)
[2m2025-04-03T18:38:59.049823Z[0m [31mERROR[0m [2mglazewm[0m[2m:[0m Invalid window handle. (0x80070578)
[2m2025-04-03T18:38:59.396836Z[0m [31mERROR[0m [2mglazewm[0m[2m:[0m Invalid window handle. (0x80070578)
[2m2025-04-03T18:38:59.600393Z[0m [31mERROR[0m [2mglazewm[0m[2m:[0m Invalid window handle. (0x80070578)
[2m2025-04-03T18:38:59.819600Z[0m [31mERROR[0m [2mglazewm[0m[2m:[0m Invalid window handle. (0x80070578)
[2m2025-04-03T18:39:00.200585Z[0m [31mERROR[0m [2mglazewm[0m[2m:[0m Invalid window handle. (0x80070578)
[2m2025-04-03T18:39:00.541538Z[0m [31mERROR[0m [2mglazewm[0m[2m:[0m Invalid window handle. (0x80070578)
[2m2025-04-03T18:39:00.872009Z[0m [31mERROR[0m [2mglazewm[0m[2m:[0m Invalid window handle. (0x80070578)
[2m2025-04-03T18:39:01.074868Z[0m [31mERROR[0m [2mglazewm[0m[2m:[0m Invalid window handle. (0x80070578)
[2m2025-04-03T18:39:01.431532Z[0m [31mERROR[0m [2mglazewm[0m[2m:[0m Invalid window handle. (0x80070578)
[2m2025-04-03T18:39:01.760492Z[0m [31mERROR[0m [2mglazewm[0m[2m:[0m Invalid window handle. (0x80070578)
[2m2025-04-03T18:39:02.237125Z[0m [31mERROR[0m [2mglazewm[0m[2m:[0m Invalid window handle. (0x80070578)
[2m2025-04-03T18:39:02.663524Z[0m [31mERROR[0m [2mglazewm[0m[2m:[0m Invalid window handle. (0x80070578)
[2m2025-04-03T18:39:06.340050Z[0m [31mERROR[0m [2mglazewm[0m[2m:[0m Invalid window handle. (0x80070578)
[2m2025-04-03T18:39:06.538050Z[0m [31mERROR[0m [2mglazewm[0m[2m:[0m Invalid window handle. (0x80070578)
[2m2025-04-03T18:39:06.863699Z[0m [31mERROR[0m [2mglazewm[0m[2m:[0m Invalid window handle. (0x80070578)
[2m2025-04-03T18:39:07.072409Z[0m [31mERROR[0m [2mglazewm[0m[2m:[0m Invalid window handle. (0x80070578)
[2m2025-04-03T18:39:07.368229Z[0m [31mERROR[0m [2mglazewm[0m[2m:[0m Invalid window handle. (0x80070578)
[2m2025-04-03T18:39:07.788133Z[0m [31mERROR[0m [2mglazewm[0m[2m:[0m Invalid window handle. (0x80070578)
[2m2025-04-03T18:39:08.120733Z[0m [31mERROR[0m [2mglazewm[0m[2m:[0m Invalid window handle. (0x80070578)
[2m2025-04-03T18:39:08.493694Z[0m [31mERROR[0m [2mglazewm[0m[2m:[0m Invalid window handle. (0x80070578)
[2m2025-04-03T18:39:08.720321Z[0m [31mERROR[0m [2mglazewm[0m[2m:[0m Invalid window handle. (0x80070578)
[2m2025-04-03T18:39:09.052187Z[0m [31mERROR[0m [2mglazewm[0m[2m:[0m Invalid window handle. (0x80070578)
[2m2025-04-03T18:39:11.296604Z[0m [31mERROR[0m [2mglazewm[0m[2m:[0m Invalid window handle. (0x80070578)
[2m2025-04-03T18:39:11.470470Z[0m [31mERROR[0m [2mglazewm[0m[2m:[0m Invalid window handle. (0x80070578)
[2m2025-04-03T18:39:11.650390Z[0m [31mERROR[0m [2mglazewm[0m[2m:[0m Invalid window handle. (0x80070578)
[2m2025-04-03T18:39:11.819733Z[0m [31mERROR[0m [2mglazewm[0m[2m:[0m Invalid window handle. (0x80070578)
[2m2025-04-03T18:39:12.087547Z[0m [31mERROR[0m [2mglazewm[0m[2m:[0m Invalid window handle. (0x80070578)
[2m2025-04-03T18:39:12.369948Z[0m [31mERROR[0m [2mglazewm[0m[2m:[0m Invalid window handle. (0x80070578)
[2m2025-04-03T18:39:35.120821Z[0m [31mERROR[0m [2mglazewm[0m[2m:[0m Another instance of the application is already running.
